<?xml version="1.0" encoding="UTF-8"?>
<testng-results total="1" passed="1" failed="0" skipped="0">
  <reporter-output>
  </reporter-output>
  <suite started-at="2020-07-24T03:39:46Z" name="SampleTestSuite" finished-at="2020-07-24T03:41:30Z" duration-ms="104635">
    <groups>
    </groups>
    <test started-at="2020-07-24T03:39:46Z" name="flipkart pages" finished-at="2020-07-24T03:41:30Z" duration-ms="104635">
      <class name="testcases.Flipkart">
        <test-method is-config="true" signature="beforeSuite()[pri:0, instance:testcases.Flipkart@399c4be1]" started-at="2020-07-24T09:09:46Z" name="beforeSuite" finished-at="2020-07-24T09:09:46Z" duration-ms="19" status="PASS">
          <reporter-output>
          </reporter-output>
        </test-method> <!-- beforeSuite -->
        <test-method is-config="true" signature="initDriver(java.lang.String)[pri:0, instance:testcases.Flipkart@399c4be1]" started-at="2020-07-24T09:09:47Z" name="initDriver" finished-at="2020-07-24T09:10:08Z" duration-ms="20928" status="PASS">
          <params>
            <param index="0">
              <value>
                <![CDATA[chrome]]>
              </value>
            </param>
          </params>
          <reporter-output>
          </reporter-output>
        </test-method> <!-- initDriver -->
        <test-method is-config="true" signature="setUp()[pri:0, instance:testcases.Flipkart@399c4be1]" started-at="2020-07-24T09:10:08Z" name="setUp" finished-at="2020-07-24T09:10:08Z" duration-ms="1" status="PASS">
          <reporter-output>
          </reporter-output>
        </test-method> <!-- setUp -->
        <test-method signature="FirstpageTest(java.util.HashMap)[pri:1, instance:testcases.Flipkart@399c4be1]" started-at="2020-07-24T09:10:08Z" name="FirstpageTest" data-provider="Data_provider" finished-at="2020-07-24T09:11:30Z" duration-ms="82443" status="PASS">
          <params>
            <param index="0">
              <value>
                <![CDATA[{=, keyword=Camera}]]>
              </value>
            </param>
          </params>
          <reporter-output>
          </reporter-output>
        </test-method> <!-- FirstpageTest -->
        <test-method is-config="true" signature="afterMethod()[pri:0, instance:testcases.Flipkart@399c4be1]" started-at="2020-07-24T09:11:30Z" name="afterMethod" finished-at="2020-07-24T09:11:30Z" duration-ms="0" status="PASS">
          <reporter-output>
          </reporter-output>
        </test-method> <!-- afterMethod -->
        <test-method is-config="true" signature="afterSuite()[pri:0, instance:testcases.Flipkart@399c4be1]" started-at="2020-07-24T09:11:31Z" name="afterSuite" finished-at="2020-07-24T09:11:31Z" duration-ms="0" status="PASS">
          <reporter-output>
          </reporter-output>
        </test-method> <!-- afterSuite -->
        <test-method is-config="true" signature="processAfterSuite()[pri:0, instance:testcases.Flipkart@399c4be1]" started-at="2020-07-24T09:11:31Z" name="processAfterSuite" finished-at="2020-07-24T09:11:31Z" duration-ms="0" status="PASS">
          <reporter-output>
          </reporter-output>
        </test-method> <!-- processAfterSuite -->
      </class> <!-- testcases.Flipkart -->
    </test> <!-- flipkart pages -->
  </suite> <!-- SampleTestSuite -->
</testng-results>
